Performing C SOURCE FILE Test CMAKE_HAVE_LIBC_PTHREAD failed with the following output:
Change Dir: /mnt/csc4005/HW/csc4005-assignment-1/build/CMakeFiles/CMakeTmp

Run Build Command(s):/usr/bin/gmake -f Makefile cmTC_7da58/fast && /usr/bin/gmake  -f CMakeFiles/cmTC_7da58.dir/build.make CMakeFiles/cmTC_7da58.dir/build
gmake[1]: Entering directory `/mnt/csc4005/HW/csc4005-assignment-1/build/CMakeFiles/CMakeTmp'
Building C object CMakeFiles/cmTC_7da58.dir/src.c.o
/opt/llvm/bin/clang -DCMAKE_HAVE_LIBC_PTHREAD   -MD -MT CMakeFiles/cmTC_7da58.dir/src.c.o -MF CMakeFiles/cmTC_7da58.dir/src.c.o.d -o CMakeFiles/cmTC_7da58.dir/src.c.o -c /mnt/csc4005/HW/csc4005-assignment-1/build/CMakeFiles/CMakeTmp/src.c
Linking C executable cmTC_7da58
/opt/cmake/bin/cmake -E cmake_link_script CMakeFiles/cmTC_7da58.dir/link.txt --verbose=1
/opt/llvm/bin/clang CMakeFiles/cmTC_7da58.dir/src.c.o -o cmTC_7da58 
ld.lld: error: undefined symbol: pthread_create
>>> referenced by src.c
>>>               CMakeFiles/cmTC_7da58.dir/src.c.o:(main)

ld.lld: error: undefined symbol: pthread_detach
>>> referenced by src.c
>>>               CMakeFiles/cmTC_7da58.dir/src.c.o:(main)

ld.lld: error: undefined symbol: pthread_cancel
>>> referenced by src.c
>>>               CMakeFiles/cmTC_7da58.dir/src.c.o:(main)

ld.lld: error: undefined symbol: pthread_join
>>> referenced by src.c
>>>               CMakeFiles/cmTC_7da58.dir/src.c.o:(main)

ld.lld: error: undefined symbol: pthread_atfork
>>> referenced by src.c
>>>               CMakeFiles/cmTC_7da58.dir/src.c.o:(main)
clang-12: error: linker command failed with exit code 1 (use -v to see invocation)
gmake[1]: *** [cmTC_7da58] Error 1
gmake[1]: Leaving directory `/mnt/csc4005/HW/csc4005-assignment-1/build/CMakeFiles/CMakeTmp'
gmake: *** [cmTC_7da58/fast] Error 2


Source file was:
#include <pthread.h>

static void* test_func(void* data)
{
  return data;
}

int main(void)
{
  pthread_t thread;
  pthread_create(&thread, NULL, test_func, NULL);
  pthread_detach(thread);
  pthread_cancel(thread);
  pthread_join(thread, NULL);
  pthread_atfork(NULL, NULL, NULL);
  pthread_exit(NULL);

  return 0;
}

Determining if the function pthread_create exists in the pthreads failed with the following output:
Change Dir: /mnt/csc4005/HW/csc4005-assignment-1/build/CMakeFiles/CMakeTmp

Run Build Command(s):/usr/bin/gmake -f Makefile cmTC_5a933/fast && /usr/bin/gmake  -f CMakeFiles/cmTC_5a933.dir/build.make CMakeFiles/cmTC_5a933.dir/build
gmake[1]: Entering directory `/mnt/csc4005/HW/csc4005-assignment-1/build/CMakeFiles/CMakeTmp'
Building C object CMakeFiles/cmTC_5a933.dir/CheckFunctionExists.c.o
/opt/llvm/bin/clang   -DCHECK_FUNCTION_EXISTS=pthread_create -MD -MT CMakeFiles/cmTC_5a933.dir/CheckFunctionExists.c.o -MF CMakeFiles/cmTC_5a933.dir/CheckFunctionExists.c.o.d -o CMakeFiles/cmTC_5a933.dir/CheckFunctionExists.c.o -c /opt/cmake/share/cmake-3.21/Modules/CheckFunctionExists.c
Linking C executable cmTC_5a933
/opt/cmake/bin/cmake -E cmake_link_script CMakeFiles/cmTC_5a933.dir/link.txt --verbose=1
/opt/llvm/bin/clang  -DCHECK_FUNCTION_EXISTS=pthread_create CMakeFiles/cmTC_5a933.dir/CheckFunctionExists.c.o -o cmTC_5a933  -lpthreads 
ld.lld: error: unable to find library -lpthreads
clang-12: error: linker command failed with exit code 1 (use -v to see invocation)
gmake[1]: *** [cmTC_5a933] Error 1
gmake[1]: Leaving directory `/mnt/csc4005/HW/csc4005-assignment-1/build/CMakeFiles/CMakeTmp'
gmake: *** [cmTC_5a933/fast] Error 2



